[error][2017/11/29 01:40:52][function handlerErr(err,response,name)]:domainErrorEvent : Error: EISDIR: illegal operation on a directory, read
    at Error (native)
[error][2017/11/29 01:40:53][function handlerErr(err,response,name)]:domainErrorEvent : Error: EISDIR: illegal operation on a directory, read
    at Error (native)
[error][2017/11/29 01:40:53][function handlerErr(err,response,name)]:domainErrorEvent : Error: EISDIR: illegal operation on a directory, read
    at Error (native)
[error][2017/12/03 21:00:00][function handlerErr(err,response,name)]:domainErrorEvent : Error: EISDIR: illegal operation on a directory, read
    at Error (native)
[error][2017/12/03 21:00:01][function handlerErr(err,response,name)]:domainErrorEvent : Error: EISDIR: illegal operation on a directory, read
    at Error (native)
[error][2017/12/03 21:00:01][function handlerErr(err,response,name)]:domainErrorEvent : Error: EISDIR: illegal operation on a directory, read
    at Error (native)
[error][2017/12/03 21:22:43][function handlerErr(err,response,name)]:domainErrorEvent : Error: EISDIR: illegal operation on a directory, read
    at Error (native)
[error][2017/12/03 21:22:44][function handlerErr(err,response,name)]:domainErrorEvent : Error: EISDIR: illegal operation on a directory, read
    at Error (native)
[error][2017/12/03 21:22:44][function handlerErr(err,response,name)]:domainErrorEvent : Error: EISDIR: illegal operation on a directory, read
    at Error (native)
[error][2017/12/03 21:24:40][function handlerErr(err,response,name)]:domainErrorEvent : Error: EISDIR: illegal operation on a directory, read
    at Error (native)
[error][2017/12/03 21:24:40][function handlerErr(err,response,name)]:domainErrorEvent : Error: EISDIR: illegal operation on a directory, read
    at Error (native)
[error][2017/12/03 21:24:40][function handlerErr(err,response,name)]:domainErrorEvent : Error: EISDIR: illegal operation on a directory, read
    at Error (native)
[error][2017/12/03 21:26:29][function handlerErr(err,response,name)]:domainErrorEvent : Error: EISDIR: illegal operation on a directory, read
    at Error (native)
[error][2017/12/03 21:26:30][function handlerErr(err,response,name)]:domainErrorEvent : Error: EISDIR: illegal operation on a directory, read
    at Error (native)
[error][2017/12/03 21:26:30][function handlerErr(err,response,name)]:domainErrorEvent : Error: EISDIR: illegal operation on a directory, read
    at Error (native)
[error][2017/12/03 21:27:12][function handlerErr(err,response,name)]:domainErrorEvent : Error: EISDIR: illegal operation on a directory, read
    at Error (native)
[error][2017/12/03 21:27:13][function handlerErr(err,response,name)]:domainErrorEvent : Error: EISDIR: illegal operation on a directory, read
    at Error (native)
[error][2017/12/03 21:27:13][function handlerErr(err,response,name)]:domainErrorEvent : Error: EISDIR: illegal operation on a directory, read
    at Error (native)
[error][2017/12/03 21:29:22][function handlerErr(err,response,name)]:domainErrorEvent : Error: EISDIR: illegal operation on a directory, read
    at Error (native)
[error][2017/12/03 21:29:23][function handlerErr(err,response,name)]:domainErrorEvent : Error: EISDIR: illegal operation on a directory, read
    at Error (native)
[error][2017/12/03 21:29:23][function handlerErr(err,response,name)]:domainErrorEvent : Error: EISDIR: illegal operation on a directory, read
    at Error (native)
[error][2017/12/03 21:30:27][function handlerErr(err,response,name)]:domainErrorEvent : Error: EISDIR: illegal operation on a directory, read
    at Error (native)
[error][2017/12/03 21:30:27][function handlerErr(err,response,name)]:domainErrorEvent : Error: EISDIR: illegal operation on a directory, read
    at Error (native)
[error][2017/12/03 21:30:27][function handlerErr(err,response,name)]:domainErrorEvent : Error: EISDIR: illegal operation on a directory, read
    at Error (native)
[error][2017/12/03 21:37:27][function handlerErr(err,response,name)]:domainErrorEvent : Error: EISDIR: illegal operation on a directory, read
    at Error (native)
[error][2017/12/03 21:37:27][function handlerErr(err,response,name)]:domainErrorEvent : Error: EISDIR: illegal operation on a directory, read
    at Error (native)
[error][2017/12/03 21:37:27][function handlerErr(err,response,name)]:domainErrorEvent : Error: EISDIR: illegal operation on a directory, read
    at Error (native)
[error][2017/12/03 21:39:35][function handlerErr(err,response,name)]:domainErrorEvent : Error: not find action or not support resource of mine type:undefined url:/project extname:
    at Timeout._onTimeout (D:\git\julin\bin\rap.server.response.js:127:10)
    at tryOnTimeout (timers.js:224:11)
    at Timer.listOnTimeout (timers.js:198:5)
[error][2017/12/03 21:39:35][function handlerErr(err,response,name)]:domainErrorEvent : Error: EISDIR: illegal operation on a directory, read
    at Error (native)
[error][2017/12/03 21:39:38][function handlerErr(err,response,name)]:domainErrorEvent : Error: EISDIR: illegal operation on a directory, read
    at Error (native)
[error][2017/12/03 21:39:38][function handlerErr(err,response,name)]:domainErrorEvent : Error: EISDIR: illegal operation on a directory, read
    at Error (native)
[error][2017/12/03 21:39:38][function handlerErr(err,response,name)]:domainErrorEvent : Error: EISDIR: illegal operation on a directory, read
    at Error (native)
[error][2017/12/03 21:40:47][function handlerErr(err,response,name)]:domainErrorEvent : Error: EISDIR: illegal operation on a directory, read
    at Error (native)
[error][2017/12/03 21:40:47][function handlerErr(err,response,name)]:domainErrorEvent : Error: EISDIR: illegal operation on a directory, read
    at Error (native)
[error][2017/12/03 21:40:47][function handlerErr(err,response,name)]:domainErrorEvent : Error: EISDIR: illegal operation on a directory, read
    at Error (native)
[error][2017/12/03 21:42:29][function handlerErr(err,response,name)]:domainErrorEvent : Error: EISDIR: illegal operation on a directory, read
    at Error (native)
[error][2017/12/03 21:42:29][function handlerErr(err,response,name)]:domainErrorEvent : Error: EISDIR: illegal operation on a directory, read
    at Error (native)
[error][2017/12/03 21:42:29][function handlerErr(err,response,name)]:domainErrorEvent : Error: EISDIR: illegal operation on a directory, read
    at Error (native)
[error][2017/12/03 21:42:29][function handlerErr(err,response,name)]:domainErrorEvent : Error: EISDIR: illegal operation on a directory, read
    at Error (native)
[error][2017/12/03 21:42:29][function handlerErr(err,response,name)]:domainErrorEvent : Error: EISDIR: illegal operation on a directory, read
    at Error (native)
[error][2017/12/03 21:42:29][function handlerErr(err,response,name)]:domainErrorEvent : Error: EISDIR: illegal operation on a directory, read
    at Error (native)
[error][2017/12/03 21:46:43][function handlerErr(err,response,name)]:domainErrorEvent : Error: EISDIR: illegal operation on a directory, read
    at Error (native)
[error][2017/12/03 21:46:43][function handlerErr(err,response,name)]:domainErrorEvent : Error: EISDIR: illegal operation on a directory, read
    at Error (native)
[error][2017/12/03 21:46:43][function handlerErr(err,response,name)]:domainErrorEvent : Error: EISDIR: illegal operation on a directory, read
    at Error (native)
[error][2017/12/03 21:46:43][function handlerErr(err,response,name)]:domainErrorEvent : Error: EISDIR: illegal operation on a directory, read
    at Error (native)
[error][2017/12/03 21:46:43][function handlerErr(err,response,name)]:domainErrorEvent : Error: EISDIR: illegal operation on a directory, read
    at Error (native)
[error][2017/12/03 21:47:08][function handlerErr(err,response,name)]:domainErrorEvent : Error: EISDIR: illegal operation on a directory, read
    at Error (native)
[error][2017/12/03 21:47:08][function handlerErr(err,response,name)]:domainErrorEvent : Error: EISDIR: illegal operation on a directory, read
    at Error (native)
[error][2017/12/03 21:47:08][function handlerErr(err,response,name)]:domainErrorEvent : Error: EISDIR: illegal operation on a directory, read
    at Error (native)
[error][2017/12/03 21:47:08][function handlerErr(err,response,name)]:domainErrorEvent : Error: EISDIR: illegal operation on a directory, read
    at Error (native)
[error][2017/12/03 21:47:08][function handlerErr(err,response,name)]:domainErrorEvent : Error: EISDIR: illegal operation on a directory, read
    at Error (native)
[error][2017/12/03 21:51:23][function handlerErr(err,response,name)]:domainErrorEvent : Error: EISDIR: illegal operation on a directory, read
    at Error (native)
[error][2017/12/03 21:51:23][function handlerErr(err,response,name)]:domainErrorEvent : Error: EISDIR: illegal operation on a directory, read
    at Error (native)
[error][2017/12/03 21:51:23][function handlerErr(err,response,name)]:domainErrorEvent : Error: EISDIR: illegal operation on a directory, read
    at Error (native)
[error][2017/12/03 21:51:23][function handlerErr(err,response,name)]:domainErrorEvent : Error: EISDIR: illegal operation on a directory, read
    at Error (native)
[error][2017/12/03 21:51:23][function handlerErr(err,response,name)]:domainErrorEvent : Error: EISDIR: illegal operation on a directory, read
    at Error (native)
[error][2017/12/03 21:52:33][function handlerErr(err,response,name)]:domainErrorEvent : Error: EISDIR: illegal operation on a directory, read
    at Error (native)
[error][2017/12/03 21:52:34][function handlerErr(err,response,name)]:domainErrorEvent : Error: EISDIR: illegal operation on a directory, read
    at Error (native)
[error][2017/12/03 21:52:34][function handlerErr(err,response,name)]:domainErrorEvent : Error: EISDIR: illegal operation on a directory, read
    at Error (native)
[error][2017/12/03 21:52:34][function handlerErr(err,response,name)]:domainErrorEvent : Error: EISDIR: illegal operation on a directory, read
    at Error (native)
[error][2017/12/03 21:52:34][function handlerErr(err,response,name)]:domainErrorEvent : Error: EISDIR: illegal operation on a directory, read
    at Error (native)
[error][2017/12/03 21:52:35][function handlerErr(err,response,name)]:domainErrorEvent : Error: EISDIR: illegal operation on a directory, read
    at Error (native)
[error][2017/12/03 21:52:35][function handlerErr(err,response,name)]:domainErrorEvent : Error: EISDIR: illegal operation on a directory, read
    at Error (native)
[error][2017/12/03 21:52:35][function handlerErr(err,response,name)]:domainErrorEvent : Error: EISDIR: illegal operation on a directory, read
    at Error (native)
[error][2017/12/03 21:52:35][function handlerErr(err,response,name)]:domainErrorEvent : Error: EISDIR: illegal operation on a directory, read
    at Error (native)
[error][2017/12/03 21:53:23][function handlerErr(err,response,name)]:domainErrorEvent : Error: EISDIR: illegal operation on a directory, read
    at Error (native)
[error][2017/12/03 21:53:23][function handlerErr(err,response,name)]:domainErrorEvent : Error: EISDIR: illegal operation on a directory, read
    at Error (native)
[error][2017/12/03 21:53:23][function handlerErr(err,response,name)]:domainErrorEvent : Error: EISDIR: illegal operation on a directory, read
    at Error (native)
[error][2017/12/03 21:57:46][function handlerErr(err,response,name)]:domainErrorEvent : Error: EISDIR: illegal operation on a directory, read
    at Error (native)
[error][2017/12/03 21:57:46][function handlerErr(err,response,name)]:domainErrorEvent : Error: EISDIR: illegal operation on a directory, read
    at Error (native)
[error][2017/12/03 21:57:46][function handlerErr(err,response,name)]:domainErrorEvent : Error: EISDIR: illegal operation on a directory, read
    at Error (native)
[error][2017/12/03 21:58:02][function handlerErr(err,response,name)]:domainErrorEvent : Error: EISDIR: illegal operation on a directory, read
    at Error (native)
[error][2017/12/03 21:58:02][function handlerErr(err,response,name)]:domainErrorEvent : Error: EISDIR: illegal operation on a directory, read
    at Error (native)
[error][2017/12/03 21:58:02][function handlerErr(err,response,name)]:domainErrorEvent : Error: EISDIR: illegal operation on a directory, read
    at Error (native)
[error][2017/12/04 06:41:28][function handlerErr(err,response,name)]:domainErrorEvent : Error: EISDIR: illegal operation on a directory, read
    at Error (native)
[error][2017/12/04 06:41:28][function handlerErr(err,response,name)]:domainErrorEvent : Error: EISDIR: illegal operation on a directory, read
    at Error (native)
[error][2017/12/04 06:41:29][function handlerErr(err,response,name)]:domainErrorEvent : Error: EISDIR: illegal operation on a directory, read
    at Error (native)
[error][2017/12/04 06:43:21][function handlerErr(err,response,name)]:domainErrorEvent : Error: EISDIR: illegal operation on a directory, read
    at Error (native)
[error][2017/12/04 06:43:22][function handlerErr(err,response,name)]:domainErrorEvent : Error: EISDIR: illegal operation on a directory, read
    at Error (native)
[error][2017/12/04 06:43:22][function handlerErr(err,response,name)]:domainErrorEvent : Error: EISDIR: illegal operation on a directory, read
    at Error (native)
[error][2017/12/04 06:45:08][function handlerErr(err,response,name)]:domainErrorEvent : Error: EISDIR: illegal operation on a directory, read
    at Error (native)
[error][2017/12/04 06:45:08][function handlerErr(err,response,name)]:domainErrorEvent : Error: EISDIR: illegal operation on a directory, read
    at Error (native)
[error][2017/12/04 06:45:08][function handlerErr(err,response,name)]:domainErrorEvent : Error: EISDIR: illegal operation on a directory, read
    at Error (native)
[error][2017/12/04 06:46:45][function handlerErr(err,response,name)]:domainErrorEvent : Error: EISDIR: illegal operation on a directory, read
    at Error (native)
[error][2017/12/04 06:46:45][function handlerErr(err,response,name)]:domainErrorEvent : Error: EISDIR: illegal operation on a directory, read
    at Error (native)
[error][2017/12/04 06:46:45][function handlerErr(err,response,name)]:domainErrorEvent : Error: EISDIR: illegal operation on a directory, read
    at Error (native)
[error][2017/12/04 06:47:28][function handlerErr(err,response,name)]:domainErrorEvent : Error: EISDIR: illegal operation on a directory, read
    at Error (native)
[error][2017/12/04 06:47:28][function handlerErr(err,response,name)]:domainErrorEvent : Error: EISDIR: illegal operation on a directory, read
    at Error (native)
[error][2017/12/04 06:47:28][function handlerErr(err,response,name)]:domainErrorEvent : Error: EISDIR: illegal operation on a directory, read
    at Error (native)
[error][2017/12/04 06:55:04][function handlerErr(err,response,name)]:domainErrorEvent : Error: EISDIR: illegal operation on a directory, read
    at Error (native)
[error][2017/12/04 06:55:04][function handlerErr(err,response,name)]:domainErrorEvent : Error: EISDIR: illegal operation on a directory, read
    at Error (native)
[error][2017/12/04 06:55:04][function handlerErr(err,response,name)]:domainErrorEvent : Error: EISDIR: illegal operation on a directory, read
    at Error (native)
[error][2017/12/04 06:56:17][function handlerErr(err,response,name)]:domainErrorEvent : Error: EISDIR: illegal operation on a directory, read
    at Error (native)
[error][2017/12/04 06:56:17][function handlerErr(err,response,name)]:domainErrorEvent : Error: EISDIR: illegal operation on a directory, read
    at Error (native)
[error][2017/12/04 06:56:17][function handlerErr(err,response,name)]:domainErrorEvent : Error: EISDIR: illegal operation on a directory, read
    at Error (native)
[error][2017/12/04 06:57:58][function handlerErr(err,response,name)]:domainErrorEvent : Error: EISDIR: illegal operation on a directory, read
    at Error (native)
[error][2017/12/04 06:57:59][function handlerErr(err,response,name)]:domainErrorEvent : Error: EISDIR: illegal operation on a directory, read
    at Error (native)
[error][2017/12/04 06:57:59][function handlerErr(err,response,name)]:domainErrorEvent : Error: EISDIR: illegal operation on a directory, read
    at Error (native)
[error][2017/12/04 06:58:12][function handlerErr(err,response,name)]:domainErrorEvent : Error: EISDIR: illegal operation on a directory, read
    at Error (native)
[error][2017/12/04 06:58:12][function handlerErr(err,response,name)]:domainErrorEvent : Error: EISDIR: illegal operation on a directory, read
    at Error (native)
[error][2017/12/04 06:58:12][function handlerErr(err,response,name)]:domainErrorEvent : Error: EISDIR: illegal operation on a directory, read
    at Error (native)
[error][2017/12/04 06:58:57][function handlerErr(err,response,name)]:domainErrorEvent : Error: EISDIR: illegal operation on a directory, read
    at Error (native)
[error][2017/12/04 06:58:57][function handlerErr(err,response,name)]:domainErrorEvent : Error: EISDIR: illegal operation on a directory, read
    at Error (native)
[error][2017/12/04 06:58:57][function handlerErr(err,response,name)]:domainErrorEvent : Error: EISDIR: illegal operation on a directory, read
    at Error (native)
[error][2017/12/04 06:59:27][function handlerErr(err,response,name)]:domainErrorEvent : Error: EISDIR: illegal operation on a directory, read
    at Error (native)
[error][2017/12/04 06:59:27][function handlerErr(err,response,name)]:domainErrorEvent : Error: EISDIR: illegal operation on a directory, read
    at Error (native)
[error][2017/12/04 06:59:27][function handlerErr(err,response,name)]:domainErrorEvent : Error: EISDIR: illegal operation on a directory, read
    at Error (native)
[error][2017/12/04 07:01:28][function handlerErr(err,response,name)]:domainErrorEvent : Error: EISDIR: illegal operation on a directory, read
    at Error (native)
[error][2017/12/04 07:01:28][function handlerErr(err,response,name)]:domainErrorEvent : Error: EISDIR: illegal operation on a directory, read
    at Error (native)
[error][2017/12/04 07:01:28][function handlerErr(err,response,name)]:domainErrorEvent : Error: EISDIR: illegal operation on a directory, read
    at Error (native)
[error][2017/12/04 07:01:38][function handlerErr(err,response,name)]:domainErrorEvent : Error: EISDIR: illegal operation on a directory, read
    at Error (native)
[error][2017/12/04 07:01:38][function handlerErr(err,response,name)]:domainErrorEvent : Error: EISDIR: illegal operation on a directory, read
    at Error (native)
[error][2017/12/04 07:01:38][function handlerErr(err,response,name)]:domainErrorEvent : Error: EISDIR: illegal operation on a directory, read
    at Error (native)
[error][2017/12/04 07:04:22][function handlerErr(err,response,name)]:domainErrorEvent : Error: EISDIR: illegal operation on a directory, read
    at Error (native)
[error][2017/12/04 07:04:22][function handlerErr(err,response,name)]:domainErrorEvent : Error: EISDIR: illegal operation on a directory, read
    at Error (native)
[error][2017/12/04 07:04:23][function handlerErr(err,response,name)]:domainErrorEvent : Error: EISDIR: illegal operation on a directory, read
    at Error (native)
[error][2017/12/04 07:05:27][function handlerErr(err,response,name)]:domainErrorEvent : Error: EISDIR: illegal operation on a directory, read
    at Error (native)
[error][2017/12/04 07:05:27][function handlerErr(err,response,name)]:domainErrorEvent : Error: EISDIR: illegal operation on a directory, read
    at Error (native)
[error][2017/12/04 07:05:27][function handlerErr(err,response,name)]:domainErrorEvent : Error: EISDIR: illegal operation on a directory, read
    at Error (native)
[error][2017/12/04 07:07:09][function handlerErr(err,response,name)]:domainErrorEvent : Error: EISDIR: illegal operation on a directory, read
    at Error (native)
[error][2017/12/04 07:07:09][function handlerErr(err,response,name)]:domainErrorEvent : Error: EISDIR: illegal operation on a directory, read
    at Error (native)
[error][2017/12/04 07:07:09][function handlerErr(err,response,name)]:domainErrorEvent : Error: EISDIR: illegal operation on a directory, read
    at Error (native)
[error][2017/12/04 07:08:01][function handlerErr(err,response,name)]:domainErrorEvent : Error: EISDIR: illegal operation on a directory, read
    at Error (native)
[error][2017/12/04 07:08:01][function handlerErr(err,response,name)]:domainErrorEvent : Error: EISDIR: illegal operation on a directory, read
    at Error (native)
[error][2017/12/04 07:08:01][function handlerErr(err,response,name)]:domainErrorEvent : Error: EISDIR: illegal operation on a directory, read
    at Error (native)
[error][2017/12/04 07:09:46][function handlerErr(err,response,name)]:domainErrorEvent : Error: EISDIR: illegal operation on a directory, read
    at Error (native)
[error][2017/12/04 07:09:46][function handlerErr(err,response,name)]:domainErrorEvent : Error: EISDIR: illegal operation on a directory, read
    at Error (native)
[error][2017/12/04 07:09:46][function handlerErr(err,response,name)]:domainErrorEvent : Error: EISDIR: illegal operation on a directory, read
    at Error (native)
[error][2017/12/04 07:10:14][function handlerErr(err,response,name)]:domainErrorEvent : Error: EISDIR: illegal operation on a directory, read
    at Error (native)
[error][2017/12/04 07:10:14][function handlerErr(err,response,name)]:domainErrorEvent : Error: EISDIR: illegal operation on a directory, read
    at Error (native)
[error][2017/12/04 07:10:14][function handlerErr(err,response,name)]:domainErrorEvent : Error: EISDIR: illegal operation on a directory, read
    at Error (native)
[error][2017/12/04 07:11:11][function handlerErr(err,response,name)]:domainErrorEvent : Error: EISDIR: illegal operation on a directory, read
    at Error (native)
[error][2017/12/04 07:11:11][function handlerErr(err,response,name)]:domainErrorEvent : Error: EISDIR: illegal operation on a directory, read
    at Error (native)
[error][2017/12/04 07:11:11][function handlerErr(err,response,name)]:domainErrorEvent : Error: EISDIR: illegal operation on a directory, read
    at Error (native)
[error][2017/12/04 07:11:29][function handlerErr(err,response,name)]:domainErrorEvent : Error: EISDIR: illegal operation on a directory, read
    at Error (native)
[error][2017/12/04 07:11:29][function handlerErr(err,response,name)]:domainErrorEvent : Error: EISDIR: illegal operation on a directory, read
    at Error (native)
[error][2017/12/04 07:11:29][function handlerErr(err,response,name)]:domainErrorEvent : Error: EISDIR: illegal operation on a directory, read
    at Error (native)
[error][2017/12/04 07:11:51][function handlerErr(err,response,name)]:domainErrorEvent : Error: EISDIR: illegal operation on a directory, read
    at Error (native)
[error][2017/12/04 07:11:51][function handlerErr(err,response,name)]:domainErrorEvent : Error: EISDIR: illegal operation on a directory, read
    at Error (native)
[error][2017/12/04 07:11:51][function handlerErr(err,response,name)]:domainErrorEvent : Error: EISDIR: illegal operation on a directory, read
    at Error (native)
[error][2017/12/04 07:12:17][function handlerErr(err,response,name)]:domainErrorEvent : Error: EISDIR: illegal operation on a directory, read
    at Error (native)
[error][2017/12/04 07:12:17][function handlerErr(err,response,name)]:domainErrorEvent : Error: EISDIR: illegal operation on a directory, read
    at Error (native)
[error][2017/12/04 07:12:17][function handlerErr(err,response,name)]:domainErrorEvent : Error: EISDIR: illegal operation on a directory, read
    at Error (native)
[error][2017/12/04 07:12:26][function handlerErr(err,response,name)]:domainErrorEvent : Error: EISDIR: illegal operation on a directory, read
    at Error (native)
[error][2017/12/04 07:12:27][function handlerErr(err,response,name)]:domainErrorEvent : Error: EISDIR: illegal operation on a directory, read
    at Error (native)
[error][2017/12/04 07:12:27][function handlerErr(err,response,name)]:domainErrorEvent : Error: EISDIR: illegal operation on a directory, read
    at Error (native)
[error][2017/12/04 07:14:21][function handlerErr(err,response,name)]:domainErrorEvent : Error: EISDIR: illegal operation on a directory, read
    at Error (native)
[error][2017/12/04 07:14:22][function handlerErr(err,response,name)]:domainErrorEvent : Error: EISDIR: illegal operation on a directory, read
    at Error (native)
[error][2017/12/04 07:14:22][function handlerErr(err,response,name)]:domainErrorEvent : Error: EISDIR: illegal operation on a directory, read
    at Error (native)
[error][2017/12/04 07:15:53][function handlerErr(err,response,name)]:domainErrorEvent : Error: EISDIR: illegal operation on a directory, read
    at Error (native)
[error][2017/12/04 07:15:53][function handlerErr(err,response,name)]:domainErrorEvent : Error: EISDIR: illegal operation on a directory, read
    at Error (native)
[error][2017/12/04 07:15:54][function handlerErr(err,response,name)]:domainErrorEvent : Error: EISDIR: illegal operation on a directory, read
    at Error (native)
[error][2017/12/04 07:16:38][function handlerErr(err,response,name)]:domainErrorEvent : Error: EISDIR: illegal operation on a directory, read
    at Error (native)
[error][2017/12/04 07:16:38][function handlerErr(err,response,name)]:domainErrorEvent : Error: EISDIR: illegal operation on a directory, read
    at Error (native)
[error][2017/12/04 07:16:39][function handlerErr(err,response,name)]:domainErrorEvent : Error: EISDIR: illegal operation on a directory, read
    at Error (native)
[error][2017/12/04 07:17:39][function handlerErr(err,response,name)]:domainErrorEvent : Error: EISDIR: illegal operation on a directory, read
    at Error (native)
[error][2017/12/04 07:17:40][function handlerErr(err,response,name)]:domainErrorEvent : Error: EISDIR: illegal operation on a directory, read
    at Error (native)
[error][2017/12/04 07:17:40][function handlerErr(err,response,name)]:domainErrorEvent : Error: EISDIR: illegal operation on a directory, read
    at Error (native)
[error][2017/12/04 07:27:15][function handlerErr(err,response,name)]:domainErrorEvent : Error: EISDIR: illegal operation on a directory, read
    at Error (native)
[error][2017/12/04 07:27:16][function handlerErr(err,response,name)]:domainErrorEvent : Error: EISDIR: illegal operation on a directory, read
    at Error (native)
[error][2017/12/04 07:27:16][function handlerErr(err,response,name)]:domainErrorEvent : Error: EISDIR: illegal operation on a directory, read
    at Error (native)
[error][2017/12/04 07:43:12][function handlerErr(err,response,name)]:domainErrorEvent : Error: EISDIR: illegal operation on a directory, read
    at Error (native)
[error][2017/12/04 07:43:13][function handlerErr(err,response,name)]:domainErrorEvent : Error: EISDIR: illegal operation on a directory, read
    at Error (native)
[error][2017/12/04 07:43:13][function handlerErr(err,response,name)]:domainErrorEvent : Error: EISDIR: illegal operation on a directory, read
    at Error (native)
